<?xml version="1.0" encoding="UTF-8"?>
<!-- Generated by org.testng.reporters.JUnitXMLReporter -->
<testsuite ignored="8" hostname="IN-PG02DGBT" failures="2" tests="14" name="uitest_edge" time="214.06" errors="0" timestamp="2023-05-02T18:49:55 IST">
  <testcase classname="lumaProject.Tests.HomePageTest" name="validate_AboutUs" time="2.015"/>
  <testcase classname="lumaProject.Tests.HomePageTest" name="validate_HomeIcon" time="2.261"/>
  <testcase classname="lumaProject.Tests.WhatsNewTest" name="validateWhatsNew" time="4.652">
    <failure type="java.lang.AssertionError" message="expected [15 Items] but found [12 Items]">
      <![CDATA[java.lang.AssertionError: expected [15 Items] but found [12 Items]
at lumaProject.Tests.WhatsNewTest.validateWhatsNew(WhatsNewTest.java:28)
at java.base/java.util.ArrayList.forEach(ArrayList.java:1511)
at java.base/java.util.concurrent.FutureTask.run(FutureTask.java:264)
at java.base/java.util.concurrent.ThreadPoolExecutor.runWorker(ThreadPoolExecutor.java:1130)
at java.base/java.util.concurrent.ThreadPoolExecutor$Worker.run(ThreadPoolExecutor.java:630)
at java.base/java.lang.Thread.run(Thread.java:832)
... Removed 23 stack frames]]>
    </failure>
  </testcase> <!-- validateWhatsNew -->
  <testcase classname="lumaProject.Tests.CreateAccountTest" name="createAccount" time="17.424"/>
  <testcase classname="lumaProject.Tests.LoginpageTest" name="dummyTest" time="0.001"/>
  <testcase classname="lumaProject.Tests.LoginpageTest" name="forgetPassword" time="6.708"/>
  <testcase classname="lumaProject.Tests.LoginpageTest" name="test_ValidLogin" time="13.417"/>
  <testcase classname="lumaProject.Tests.LoginpageTest" name="test_ValidLogin" time="14.375"/>
  <testcase classname="lumaProject.Tests.LoginpageTest" name="test_ValidLogin" time="14.07"/>
  <testcase classname="lumaProject.Tests.LoginpageTest" name="test_ValidLogin" time="9.68"/>
  <testcase classname="lumaProject.Tests.LoginpageTest" name="test_ValidLogin" time="9.268"/>
  <testcase classname="lumaProject.Tests.LoginpageTest" name="validateWrongCredentials" time="5.501">
    <failure type="java.lang.AssertionError" message="expected [The account sign-in was incorrect or your account is disabled temporarily. Please wait and try again later.] but found []">
      <![CDATA[java.lang.AssertionError: expected [The account sign-in was incorrect or your account is disabled temporarily. Please wait and try again later.] but found []
at lumaProject.Tests.LoginpageTest.validateWrongCredentials(LoginpageTest.java:107)
at java.base/java.util.ArrayList.forEach(ArrayList.java:1511)
at java.base/java.util.concurrent.FutureTask.run(FutureTask.java:264)
at java.base/java.util.concurrent.ThreadPoolExecutor.runWorker(ThreadPoolExecutor.java:1130)
at java.base/java.util.concurrent.ThreadPoolExecutor$Worker.run(ThreadPoolExecutor.java:630)
at java.base/java.lang.Thread.run(Thread.java:832)
... Removed 23 stack frames]]>
    </failure>
  </testcase> <!-- validateWrongCredentials -->
  <testcase classname="lumaProject.Tests.AddAddressTest" name="addAddressTest" time="29.731"/>
  <testcase classname="lumaProject.Tests.AddAddressTest" name="dummyTest" time="0.001"/>
  <testcase classname="base.BaseTest" name="@BeforeSuite beforeSuite" time="0.0">
    <ignored/>
  </testcase> <!-- @BeforeSuite beforeSuite -->
  <testcase classname="base.BaseTest" name="@BeforeSuite beforeSuite" time="0.0">
    <ignored/>
  </testcase> <!-- @BeforeSuite beforeSuite -->
  <testcase classname="base.BaseTest" name="@AfterSuite afterSuite" time="0.0">
    <ignored/>
  </testcase> <!-- @AfterSuite afterSuite -->
  <testcase classname="base.BaseTest" name="@BeforeSuite beforeSuite" time="0.0">
    <ignored/>
  </testcase> <!-- @BeforeSuite beforeSuite -->
  <testcase classname="base.BaseTest" name="@AfterSuite afterSuite" time="0.0">
    <ignored/>
  </testcase> <!-- @AfterSuite afterSuite -->
  <testcase classname="base.BaseTest" name="@AfterSuite afterSuite" time="0.0">
    <ignored/>
  </testcase> <!-- @AfterSuite afterSuite -->
  <testcase classname="base.BaseTest" name="@BeforeSuite beforeSuite" time="0.0">
    <ignored/>
  </testcase> <!-- @BeforeSuite beforeSuite -->
  <testcase classname="base.BaseTest" name="@AfterSuite afterSuite" time="0.0">
    <ignored/>
  </testcase> <!-- @AfterSuite afterSuite -->
</testsuite> <!-- uitest_edge -->
