<html>
<head>
<title>TestNG:  uitest_edge</title>
<link href="../testng.css" rel="stylesheet" type="text/css" />
<link href="../my-testng.css" rel="stylesheet" type="text/css" />

<style type="text/css">
.log { display: none;} 
.stack-trace { display: none;} 
</style>
<script type="text/javascript">
<!--
function flip(e) {
  current = e.style.display;
  if (current == 'block') {
    e.style.display = 'none';
    return 0;
  }
  else {
    e.style.display = 'block';
    return 1;
  }
}

function toggleBox(szDivId, elem, msg1, msg2)
{
  var res = -1;  if (document.getElementById) {
    res = flip(document.getElementById(szDivId));
  }
  else if (document.all) {
    // this is the way old msie versions work
    res = flip(document.all[szDivId]);
  }
  if(elem) {
    if(res == 0) elem.innerHTML = msg1; else elem.innerHTML = msg2;
  }

}

function toggleAllBoxes() {
  if (document.getElementsByTagName) {
    d = document.getElementsByTagName('div');
    for (i = 0; i < d.length; i++) {
      if (d[i].className == 'log') {
        flip(d[i]);
      }
    }
  }
}

// -->
</script>

</head>
<body>
<h2 align='center'>uitest_edge</h2><table border='1' align="center">
<tr>
<td>Tests passed/Failed/Skipped:</td><td>12/2/0</td>
</tr><tr>
<td>Started on:</td><td>Tue May 02 18:46:21 IST 2023</td>
</tr>
<tr><td>Total time:</td><td>214 seconds (214060 ms)</td>
</tr><tr>
<td>Included groups:</td><td></td>
</tr><tr>
<td>Excluded groups:</td><td></td>
</tr>
</table><p/>
<small><i>(Hover the method name to see the test class name)</i></small><p/>
<table width='100%' border='1' class='invocation-failed'>
<tr><td colspan='4' align='center'><b>FAILED TESTS</b></td></tr>
<tr><td><b>Test method</b></td>
<td><b>Attribute(s)</b></td>
<td width="30%"><b>Exception</b></td>
<td width="10%"><b>Time (seconds)</b></td>
<td><b>Instance</b></td>
</tr>
<tr>
<td title='lumaProject.Tests.LoginpageTest.validateWrongCredentials()'><b>validateWrongCredentials</b><br>Test class: lumaProject.Tests.LoginpageTest</td>
<td><div><pre>java.lang.AssertionError: expected [The account sign-in was incorrect or your account is disabled temporarily. Please wait and try again later.] but found []
	at lumaProject.Tests.LoginpageTest.validateWrongCredentials(LoginpageTest.java:107)
	at java.base/java.util.ArrayList.forEach(ArrayList.java:1511)
	at java.base/java.util.concurrent.FutureTask.run(FutureTask.java:264)
	at java.base/java.util.concurrent.ThreadPoolExecutor.runWorker(ThreadPoolExecutor.java:1130)
	at java.base/java.util.concurrent.ThreadPoolExecutor$Worker.run(ThreadPoolExecutor.java:630)
	at java.base/java.lang.Thread.run(Thread.java:832)
... Removed 23 stack frames</pre></div><a href='#' onClick='toggleBox("stack-trace382696029", this, "Click to show all stack frames", "Click to hide stack frames")'>Click to show all stack frames</a>
<div class='stack-trace' id='stack-trace382696029'><pre>java.lang.AssertionError: expected [The account sign-in was incorrect or your account is disabled temporarily. Please wait and try again later.] but found []
	at org.testng.Assert.fail(Assert.java:110)
	at org.testng.Assert.failNotEquals(Assert.java:1413)
	at org.testng.Assert.assertEqualsImpl(Assert.java:149)
	at org.testng.Assert.assertEquals(Assert.java:131)
	at org.testng.Assert.assertEquals(Assert.java:655)
	at org.testng.Assert.assertEquals(Assert.java:665)
	at lumaProject.Tests.LoginpageTest.validateWrongCredentials(LoginpageTest.java:107)
	at java.base/jdk.internal.reflect.NativeMethodAccessorImpl.invoke0(Native Method)
	at java.base/jdk.internal.reflect.NativeMethodAccessorImpl.invoke(NativeMethodAccessorImpl.java:62)
	at java.base/jdk.internal.reflect.DelegatingMethodAccessorImpl.invoke(DelegatingMethodAccessorImpl.java:43)
	at java.base/java.lang.reflect.Method.invoke(Method.java:564)
	at org.testng.internal.invokers.MethodInvocationHelper.invokeMethod(MethodInvocationHelper.java:139)
	at org.testng.internal.invokers.TestInvoker.invokeMethod(TestInvoker.java:677)
	at org.testng.internal.invokers.TestInvoker.invokeTestMethod(TestInvoker.java:221)
	at org.testng.internal.invokers.MethodRunner.runInSequence(MethodRunner.java:50)
	at org.testng.internal.invokers.TestInvoker$MethodInvocationAgent.invoke(TestInvoker.java:969)
	at org.testng.internal.invokers.TestInvoker.invokeTestMethods(TestInvoker.java:194)
	at org.testng.internal.invokers.TestMethodWorker.invokeTestMethods(TestMethodWorker.java:148)
	at org.testng.internal.invokers.TestMethodWorker.run(TestMethodWorker.java:128)
	at java.base/java.util.ArrayList.forEach(ArrayList.java:1511)
	at org.testng.TestRunner.privateRun(TestRunner.java:829)
	at org.testng.TestRunner.run(TestRunner.java:602)
	at org.testng.SuiteRunner.runTest(SuiteRunner.java:437)
	at org.testng.SuiteRunner$SuiteWorker.run(SuiteRunner.java:475)
	at org.testng.internal.thread.ThreadUtil.lambda$execute$0(ThreadUtil.java:58)
	at java.base/java.util.concurrent.FutureTask.run(FutureTask.java:264)
	at java.base/java.util.concurrent.ThreadPoolExecutor.runWorker(ThreadPoolExecutor.java:1130)
	at java.base/java.util.concurrent.ThreadPoolExecutor$Worker.run(ThreadPoolExecutor.java:630)
	at java.base/java.lang.Thread.run(Thread.java:832)
</pre></div></td>
<td>5</td>
<td>lumaProject.Tests.LoginpageTest@7a1a3478</td></tr>
<tr>
<td title='lumaProject.Tests.WhatsNewTest.validateWhatsNew()'><b>validateWhatsNew</b><br>Test class: lumaProject.Tests.WhatsNewTest</td>
<td><div><pre>java.lang.AssertionError: expected [15 Items] but found [12 Items]
	at lumaProject.Tests.WhatsNewTest.validateWhatsNew(WhatsNewTest.java:28)
	at java.base/java.util.ArrayList.forEach(ArrayList.java:1511)
	at java.base/java.util.concurrent.FutureTask.run(FutureTask.java:264)
	at java.base/java.util.concurrent.ThreadPoolExecutor.runWorker(ThreadPoolExecutor.java:1130)
	at java.base/java.util.concurrent.ThreadPoolExecutor$Worker.run(ThreadPoolExecutor.java:630)
	at java.base/java.lang.Thread.run(Thread.java:832)
... Removed 23 stack frames</pre></div><a href='#' onClick='toggleBox("stack-trace684699122", this, "Click to show all stack frames", "Click to hide stack frames")'>Click to show all stack frames</a>
<div class='stack-trace' id='stack-trace684699122'><pre>java.lang.AssertionError: expected [15 Items] but found [12 Items]
	at org.testng.Assert.fail(Assert.java:110)
	at org.testng.Assert.failNotEquals(Assert.java:1413)
	at org.testng.Assert.assertEqualsImpl(Assert.java:149)
	at org.testng.Assert.assertEquals(Assert.java:131)
	at org.testng.Assert.assertEquals(Assert.java:655)
	at org.testng.Assert.assertEquals(Assert.java:665)
	at lumaProject.Tests.WhatsNewTest.validateWhatsNew(WhatsNewTest.java:28)
	at java.base/jdk.internal.reflect.NativeMethodAccessorImpl.invoke0(Native Method)
	at java.base/jdk.internal.reflect.NativeMethodAccessorImpl.invoke(NativeMethodAccessorImpl.java:62)
	at java.base/jdk.internal.reflect.DelegatingMethodAccessorImpl.invoke(DelegatingMethodAccessorImpl.java:43)
	at java.base/java.lang.reflect.Method.invoke(Method.java:564)
	at org.testng.internal.invokers.MethodInvocationHelper.invokeMethod(MethodInvocationHelper.java:139)
	at org.testng.internal.invokers.TestInvoker.invokeMethod(TestInvoker.java:677)
	at org.testng.internal.invokers.TestInvoker.invokeTestMethod(TestInvoker.java:221)
	at org.testng.internal.invokers.MethodRunner.runInSequence(MethodRunner.java:50)
	at org.testng.internal.invokers.TestInvoker$MethodInvocationAgent.invoke(TestInvoker.java:969)
	at org.testng.internal.invokers.TestInvoker.invokeTestMethods(TestInvoker.java:194)
	at org.testng.internal.invokers.TestMethodWorker.invokeTestMethods(TestMethodWorker.java:148)
	at org.testng.internal.invokers.TestMethodWorker.run(TestMethodWorker.java:128)
	at java.base/java.util.ArrayList.forEach(ArrayList.java:1511)
	at org.testng.TestRunner.privateRun(TestRunner.java:829)
	at org.testng.TestRunner.run(TestRunner.java:602)
	at org.testng.SuiteRunner.runTest(SuiteRunner.java:437)
	at org.testng.SuiteRunner$SuiteWorker.run(SuiteRunner.java:475)
	at org.testng.internal.thread.ThreadUtil.lambda$execute$0(ThreadUtil.java:58)
	at java.base/java.util.concurrent.FutureTask.run(FutureTask.java:264)
	at java.base/java.util.concurrent.ThreadPoolExecutor.runWorker(ThreadPoolExecutor.java:1130)
	at java.base/java.util.concurrent.ThreadPoolExecutor$Worker.run(ThreadPoolExecutor.java:630)
	at java.base/java.lang.Thread.run(Thread.java:832)
</pre></div></td>
<td>4</td>
<td>lumaProject.Tests.WhatsNewTest@4dd02341</td></tr>
</table><p>
<table width='100%' border='1' class='invocation-passed'>
<tr><td colspan='4' align='center'><b>PASSED TESTS</b></td></tr>
<tr><td><b>Test method</b></td>
<td><b>Attribute(s)</b></td>
<td width="30%"><b>Exception</b></td>
<td width="10%"><b>Time (seconds)</b></td>
<td><b>Instance</b></td>
</tr>
<tr>
<td title='lumaProject.Tests.LoginpageTest.forgetPassword()'><b>forgetPassword</b><br>Test class: lumaProject.Tests.LoginpageTest</td>
<td></td>
<td>6</td>
<td>lumaProject.Tests.LoginpageTest@7a1a3478</td></tr>
<tr>
<td title='lumaProject.Tests.LoginpageTest.test_ValidLogin()'><b>test_ValidLogin</b><br>Test class: lumaProject.Tests.LoginpageTest<br>Parameters: test3@ut.com, Ashu@123</td>
<td></td>
<td>9</td>
<td>lumaProject.Tests.LoginpageTest@7a1a3478</td></tr>
<tr>
<td title='lumaProject.Tests.LoginpageTest.dummyTest()'><b>dummyTest</b><br>Test class: lumaProject.Tests.LoginpageTest</td>
<td></td>
<td>0</td>
<td>lumaProject.Tests.LoginpageTest@7a1a3478</td></tr>
<tr>
<td title='lumaProject.Tests.AddAddressTest.dummyTest()'><b>dummyTest</b><br>Test class: lumaProject.Tests.AddAddressTest</td>
<td></td>
<td>0</td>
<td>lumaProject.Tests.AddAddressTest@495b0487</td></tr>
<tr>
<td title='lumaProject.Tests.CreateAccountTest.createAccount()'><b>createAccount</b><br>Test class: lumaProject.Tests.CreateAccountTest</td>
<td></td>
<td>17</td>
<td>lumaProject.Tests.CreateAccountTest@3212a8d7</td></tr>
<tr>
<td title='lumaProject.Tests.LoginpageTest.test_ValidLogin()'><b>test_ValidLogin</b><br>Test class: lumaProject.Tests.LoginpageTest<br>Parameters: test2@ut.com, Ashu@123</td>
<td></td>
<td>14</td>
<td>lumaProject.Tests.LoginpageTest@7a1a3478</td></tr>
<tr>
<td title='lumaProject.Tests.LoginpageTest.test_ValidLogin()'><b>test_ValidLogin</b><br>Test class: lumaProject.Tests.LoginpageTest<br>Parameters: test4@ut.com, Ashu@123</td>
<td></td>
<td>9</td>
<td>lumaProject.Tests.LoginpageTest@7a1a3478</td></tr>
<tr>
<td title='lumaProject.Tests.HomePageTest.validate_HomeIcon()'><b>validate_HomeIcon</b><br>Test class: lumaProject.Tests.HomePageTest</td>
<td></td>
<td>2</td>
<td>lumaProject.Tests.HomePageTest@79d94571</td></tr>
<tr>
<td title='lumaProject.Tests.LoginpageTest.test_ValidLogin()'><b>test_ValidLogin</b><br>Test class: lumaProject.Tests.LoginpageTest<br>Parameters: test1@ut.com, Ashu@123</td>
<td></td>
<td>14</td>
<td>lumaProject.Tests.LoginpageTest@7a1a3478</td></tr>
<tr>
<td title='lumaProject.Tests.LoginpageTest.test_ValidLogin()'><b>test_ValidLogin</b><br>Test class: lumaProject.Tests.LoginpageTest<br>Parameters: asgt3@qw.com, Ashu@123</td>
<td></td>
<td>13</td>
<td>lumaProject.Tests.LoginpageTest@7a1a3478</td></tr>
<tr>
<td title='lumaProject.Tests.AddAddressTest.addAddressTest()'><b>addAddressTest</b><br>Test class: lumaProject.Tests.AddAddressTest</td>
<td></td>
<td>29</td>
<td>lumaProject.Tests.AddAddressTest@495b0487</td></tr>
<tr>
<td title='lumaProject.Tests.HomePageTest.validate_AboutUs()'><b>validate_AboutUs</b><br>Test class: lumaProject.Tests.HomePageTest</td>
<td></td>
<td>2</td>
<td>lumaProject.Tests.HomePageTest@79d94571</td></tr>
</table><p>
</body>
</html>