<?xml version="1.0" encoding="UTF-8"?>
<!-- Generated by org.testng.reporters.JUnitReportReporter -->
<testsuite hostname="IN-PG02DGBT" failures="0" tests="8" name="lumaProject.Tests.HomePageTest" time="-3366066944.000" errors="2" timestamp="2023-05-02T18:53:28 IST" skipped="4">
  <testcase classname="lumaProject.Tests.HomePageTest" name="beforeMethod" time="-1683033472.000">
    <error type="java.lang.NullPointerException">
      <![CDATA[java.lang.NullPointerException
at com.aventstack.extentreports.service.ExtentTestManager.createMethod(ExtentTestManager.java:53)
at com.aventstack.extentreports.testng.listener.ExtentITestListenerClassAdapter.beforeInvocation(ExtentITestListenerClassAdapter.java:55)
at org.testng.internal.invokers.InvokedMethodListenerInvoker.invokeListener(InvokedMethodListenerInvoker.java:55)
at org.testng.internal.invokers.BaseInvoker.runInvokedMethodListeners(BaseInvoker.java:67)
at org.testng.internal.invokers.ConfigInvoker.invokeConfigurationMethod(ConfigInvoker.java:331)
at org.testng.internal.invokers.ConfigInvoker.invokeConfigurations(ConfigInvoker.java:296)
at org.testng.internal.invokers.TestInvoker.runConfigMethods(TestInvoker.java:823)
at org.testng.internal.invokers.TestInvoker.invokeMethod(TestInvoker.java:590)
at org.testng.internal.invokers.TestInvoker.invokeTestMethod(TestInvoker.java:221)
at org.testng.internal.invokers.MethodRunner.runInSequence(MethodRunner.java:50)
at org.testng.internal.invokers.TestInvoker$MethodInvocationAgent.invoke(TestInvoker.java:969)
at org.testng.internal.invokers.TestInvoker.invokeTestMethods(TestInvoker.java:194)
at org.testng.internal.invokers.TestMethodWorker.invokeTestMethods(TestMethodWorker.java:148)
at org.testng.internal.invokers.TestMethodWorker.run(TestMethodWorker.java:128)
at java.base/java.util.ArrayList.forEach(ArrayList.java:1511)
at org.testng.TestRunner.privateRun(TestRunner.java:829)
at org.testng.TestRunner.run(TestRunner.java:602)
at org.testng.SuiteRunner.runTest(SuiteRunner.java:437)
at org.testng.SuiteRunner$SuiteWorker.run(SuiteRunner.java:475)
at org.testng.internal.thread.ThreadUtil.lambda$execute$0(ThreadUtil.java:58)
at java.base/java.util.concurrent.FutureTask.run(FutureTask.java:264)
at java.base/java.util.concurrent.ThreadPoolExecutor.runWorker(ThreadPoolExecutor.java:1130)
at java.base/java.util.concurrent.ThreadPoolExecutor$Worker.run(ThreadPoolExecutor.java:630)
at java.base/java.lang.Thread.run(Thread.java:832)
]]>
    </error>
  </testcase> <!-- beforeMethod -->
  <system-out/>
  <testcase classname="lumaProject.Tests.HomePageTest" name="validate_HomeIcon" time="2.288"/>
  <system-out/>
  <testcase classname="lumaProject.Tests.HomePageTest" name="validate_HomeIcon" time="0.000">
    <skipped/>
  </testcase> <!-- validate_HomeIcon -->
  <system-out/>
  <testcase classname="lumaProject.Tests.HomePageTest" name="beforeMethod" time="-1683033472.000">
    <error type="java.lang.NullPointerException">
      <![CDATA[java.lang.NullPointerException
at com.aventstack.extentreports.service.ExtentTestManager.createMethod(ExtentTestManager.java:53)
at com.aventstack.extentreports.testng.listener.ExtentITestListenerClassAdapter.beforeInvocation(ExtentITestListenerClassAdapter.java:55)
at org.testng.internal.invokers.InvokedMethodListenerInvoker.invokeListener(InvokedMethodListenerInvoker.java:55)
at org.testng.internal.invokers.BaseInvoker.runInvokedMethodListeners(BaseInvoker.java:67)
at org.testng.internal.invokers.ConfigInvoker.invokeConfigurationMethod(ConfigInvoker.java:331)
at org.testng.internal.invokers.ConfigInvoker.invokeConfigurations(ConfigInvoker.java:296)
at org.testng.internal.invokers.TestInvoker.runConfigMethods(TestInvoker.java:823)
at org.testng.internal.invokers.TestInvoker.invokeMethod(TestInvoker.java:590)
at org.testng.internal.invokers.TestInvoker.invokeTestMethod(TestInvoker.java:221)
at org.testng.internal.invokers.MethodRunner.runInSequence(MethodRunner.java:50)
at org.testng.internal.invokers.TestInvoker$MethodInvocationAgent.invoke(TestInvoker.java:969)
at org.testng.internal.invokers.TestInvoker.invokeTestMethods(TestInvoker.java:194)
at org.testng.internal.invokers.TestMethodWorker.invokeTestMethods(TestMethodWorker.java:148)
at org.testng.internal.invokers.TestMethodWorker.run(TestMethodWorker.java:128)
at java.base/java.util.ArrayList.forEach(ArrayList.java:1511)
at org.testng.TestRunner.privateRun(TestRunner.java:829)
at org.testng.TestRunner.run(TestRunner.java:602)
at org.testng.SuiteRunner.runTest(SuiteRunner.java:437)
at org.testng.SuiteRunner$SuiteWorker.run(SuiteRunner.java:475)
at org.testng.internal.thread.ThreadUtil.lambda$execute$0(ThreadUtil.java:58)
at java.base/java.util.concurrent.FutureTask.run(FutureTask.java:264)
at java.base/java.util.concurrent.ThreadPoolExecutor.runWorker(ThreadPoolExecutor.java:1130)
at java.base/java.util.concurrent.ThreadPoolExecutor$Worker.run(ThreadPoolExecutor.java:630)
at java.base/java.lang.Thread.run(Thread.java:832)
]]>
    </error>
  </testcase> <!-- beforeMethod -->
  <system-out/>
  <testcase classname="lumaProject.Tests.HomePageTest" name="validate_AboutUs" time="0.000">
    <skipped/>
  </testcase> <!-- validate_AboutUs -->
  <system-out/>
  <testcase classname="lumaProject.Tests.HomePageTest" name="validate_AboutUs" time="2.030"/>
  <system-out/>
  <testcase classname="lumaProject.Tests.HomePageTest" name="validate_HomeIcon" time="0.000">
    <skipped/>
  </testcase> <!-- validate_HomeIcon -->
  <system-out/>
  <testcase classname="lumaProject.Tests.HomePageTest" name="validate_AboutUs" time="0.000">
    <skipped/>
  </testcase> <!-- validate_AboutUs -->
  <system-out/>
</testsuite> <!-- lumaProject.Tests.HomePageTest -->
